<?xml version="1.0" encoding="UTF-8"?>
<!-- Generated by org.testng.reporters.JUnitReportReporter -->
<testsuite hostname="LAPTOP-UG2288AI" failures="0" tests="20" name="tests.AmazonSearchTest" time="93.585" errors="0" timestamp="2025-08-20T18:06:03 IST" skipped="0">
  <testcase classname="tests.AmazonSearchTest" name="testSearchFunctionality" time="4.519"/>
  <testcase classname="tests.AmazonSearchTest" name="testSearchFunctionality" time="3.615"/>
  <testcase classname="tests.AmazonSearchTest" name="testSearchFunctionality" time="4.038"/>
  <testcase classname="tests.AmazonSearchTest" name="testSearchFunctionality" time="5.892"/>
  <testcase classname="tests.AmazonSearchTest" name="testSearchFunctionality" time="5.951"/>
  <testcase classname="tests.AmazonSearchTest" name="testSearchFunctionality" time="3.682"/>
  <testcase classname="tests.AmazonSearchTest" name="testSearchFunctionality" time="2.745"/>
  <testcase classname="tests.AmazonSearchTest" name="testSearchFunctionality" time="3.336"/>
  <testcase classname="tests.AmazonSearchTest" name="testSearchFunctionality" time="6.899"/>
  <testcase classname="tests.AmazonSearchTest" name="testSearchFunctionality" time="4.334"/>
  <testcase classname="tests.AmazonSearchTest" name="testSearchFunctionality" time="6.413"/>
  <testcase classname="tests.AmazonSearchTest" name="testSearchFunctionality" time="4.789"/>
  <testcase classname="tests.AmazonSearchTest" name="testSearchFunctionality" time="5.039"/>
  <testcase classname="tests.AmazonSearchTest" name="testSearchFunctionality" time="4.741"/>
  <testcase classname="tests.AmazonSearchTest" name="testSearchFunctionality" time="7.006"/>
  <testcase classname="tests.AmazonSearchTest" name="testSearchFunctionality" time="2.785"/>
  <testcase classname="tests.AmazonSearchTest" name="testSearchFunctionality" time="2.642"/>
  <testcase classname="tests.AmazonSearchTest" name="testSearchFunctionality" time="3.113"/>
  <testcase classname="tests.AmazonSearchTest" name="testSearchFunctionality" time="3.709"/>
  <testcase classname="tests.AmazonSearchTest" name="testSearchFunctionality" time="8.337"/>
</testsuite> <!-- tests.AmazonSearchTest -->
