<?xml version="1.0" encoding="UTF-8"?>
<!-- Generated by org.testng.reporters.JUnitReportReporter -->
<testsuite hostname="LAPTOP-UG2288AI" failures="0" tests="20" name="tests.AmazonSearchTest" time="93.714" errors="0" timestamp="2025-08-20T17:59:00 IST" skipped="0">
  <testcase classname="tests.AmazonSearchTest" name="testSearchFunctionality" time="3.093"/>
  <testcase classname="tests.AmazonSearchTest" name="testSearchFunctionality" time="4.616"/>
  <testcase classname="tests.AmazonSearchTest" name="testSearchFunctionality" time="3.793"/>
  <testcase classname="tests.AmazonSearchTest" name="testSearchFunctionality" time="2.724"/>
  <testcase classname="tests.AmazonSearchTest" name="testSearchFunctionality" time="6.537"/>
  <testcase classname="tests.AmazonSearchTest" name="testSearchFunctionality" time="3.570"/>
  <testcase classname="tests.AmazonSearchTest" name="testSearchFunctionality" time="3.121"/>
  <testcase classname="tests.AmazonSearchTest" name="testSearchFunctionality" time="4.518"/>
  <testcase classname="tests.AmazonSearchTest" name="testSearchFunctionality" time="5.787"/>
  <testcase classname="tests.AmazonSearchTest" name="testSearchFunctionality" time="6.724"/>
  <testcase classname="tests.AmazonSearchTest" name="testSearchFunctionality" time="6.821"/>
  <testcase classname="tests.AmazonSearchTest" name="testSearchFunctionality" time="5.475"/>
  <testcase classname="tests.AmazonSearchTest" name="testSearchFunctionality" time="2.925"/>
  <testcase classname="tests.AmazonSearchTest" name="testSearchFunctionality" time="4.201"/>
  <testcase classname="tests.AmazonSearchTest" name="testSearchFunctionality" time="3.973"/>
  <testcase classname="tests.AmazonSearchTest" name="testSearchFunctionality" time="4.537"/>
  <testcase classname="tests.AmazonSearchTest" name="testSearchFunctionality" time="5.532"/>
  <testcase classname="tests.AmazonSearchTest" name="testSearchFunctionality" time="3.079"/>
  <testcase classname="tests.AmazonSearchTest" name="testSearchFunctionality" time="9.270"/>
  <testcase classname="tests.AmazonSearchTest" name="testSearchFunctionality" time="3.418"/>
</testsuite> <!-- tests.AmazonSearchTest -->
